[ 2016-06-05T11:52:18+08:00 ] 127.0.0.1 /
INFO: [ app_init ] --START--
INFO: Run Behavior\BuildLiteBehavior [ RunTime:0.000000s ]
INFO: [ app_init ] --END-- [ RunTime:0.001000s ]

[ 2016-06-05T11:52:28+08:00 ] 127.0.0.1 /index.php/Home/Jour/create
INFO: [ app_init ] --START--
INFO: Run Behavior\BuildLiteBehavior [ RunTime:0.000000s ]
INFO: [ app_init ] --END-- [ RunTime:0.001000s ]

[ 2016-06-05T11:52:28+08:00 ] 127.0.0.1 /
INFO: [ app_init ] --START--
INFO: Run Behavior\BuildLiteBehavior [ RunTime:0.000000s ]
INFO: [ app_init ] --END-- [ RunTime:0.000000s ]

[ 2016-06-05T11:52:32+08:00 ] 127.0.0.1 /index.php/Home/Jour/create
INFO: [ app_init ] --START--
INFO: Run Behavior\BuildLiteBehavior [ RunTime:0.000000s ]
INFO: [ app_init ] --END-- [ RunTime:0.000000s ]

[ 2016-06-05T11:52:32+08:00 ] 127.0.0.1 /
INFO: [ app_init ] --START--
INFO: Run Behavior\BuildLiteBehavior [ RunTime:0.000000s ]
INFO: [ app_init ] --END-- [ RunTime:0.000000s ]

[ 2016-06-05T11:52:33+08:00 ] 127.0.0.1 /index.php/Home/User/login
INFO: [ app_init ] --START--
INFO: Run Behavior\BuildLiteBehavior [ RunTime:0.000000s ]
INFO: [ app_init ] --END-- [ RunTime:0.001000s ]

[ 2016-06-05T11:52:49+08:00 ] 127.0.0.1 /index.php/Home/User/queryLogin
INFO: [ app_init ] --START--
INFO: Run Behavior\BuildLiteBehavior [ RunTime:0.000000s ]
INFO: [ app_init ] --END-- [ RunTime:0.000000s ]
INFO: [ app_begin ] --START--
INFO: Run Behavior\ReadHtmlCacheBehavior [ RunTime:0.000000s ]
INFO: [ app_begin ] --END-- [ RunTime:0.000000s ]
SQL: SHOW COLUMNS FROM `sp_user` [ RunTime:0.0468s ]
SQL: SHOW COLUMNS FROM `sp_user` [ RunTime:0.0156s ]
SQL: select * from sp_user WHERE phoneNumber='18946036570' [ RunTime:0.0200s ]
NOTIC: [8] Undefined offset: 0 D:\www\haoshenghuo\App\Home\Model\UserModel.class.php 第 68 行.
SQL: INSERT INTO `sp_user` (`phoneNumber`,`password`) VALUES ('18946036570','a6e746a943dd53d15ee5de97be3510dd') [ RunTime:0.0000s ]
SQL: select * from sp_user WHERE phoneNumber='18946036570' [ RunTime:0.0010s ]
SQL: update sp_user set userName='18946036570',token='34fed8b873d7dd2197b24423261578b6',  isOnline=1 [ RunTime:0.0130s ]
SQL: select * from sp_user WHERE phoneNumber='18946036570' [ RunTime:0.0010s ]
NOTIC: [8] A session had already been started - ignoring session_start() D:\www\haoshenghuo\App\Home\Model\UserModel.class.php 第 84 行.
INFO: [ app_end ] --START--
INFO: Run Behavior\ShowPageTraceBehavior [ RunTime:0.003000s ]
INFO: [ app_end ] --END-- [ RunTime:0.003000s ]

[ 2016-06-05T11:52:51+08:00 ] 127.0.0.1 /index.php/Home/User/queryLogin
INFO: [ app_init ] --START--
INFO: Run Behavior\BuildLiteBehavior [ RunTime:0.000000s ]
INFO: [ app_init ] --END-- [ RunTime:0.001000s ]
INFO: [ app_begin ] --START--
INFO: Run Behavior\ReadHtmlCacheBehavior [ RunTime:0.001000s ]
INFO: [ app_begin ] --END-- [ RunTime:0.001000s ]
SQL: SHOW COLUMNS FROM `sp_user` [ RunTime:0.0090s ]
SQL: SHOW COLUMNS FROM `sp_user` [ RunTime:0.0110s ]
SQL: select * from sp_user WHERE phoneNumber='18946036570' [ RunTime:0.0010s ]
SQL: select * from sp_user WHERE phoneNumber='18946036570' [ RunTime:0.0010s ]
SQL: update sp_user set userName='18946036570',token='7ca17ab498135233a2b5b756ba5cd62c',  isOnline=1 [ RunTime:0.0010s ]
SQL: select * from sp_user WHERE phoneNumber='18946036570' [ RunTime:0.0010s ]
NOTIC: [8] A session had already been started - ignoring session_start() D:\www\haoshenghuo\App\Home\Model\UserModel.class.php 第 84 行.
INFO: [ app_end ] --START--
INFO: Run Behavior\ShowPageTraceBehavior [ RunTime:0.003000s ]
INFO: [ app_end ] --END-- [ RunTime:0.003000s ]

[ 2016-06-05T11:52:51+08:00 ] 127.0.0.1 /
INFO: [ app_init ] --START--
INFO: Run Behavior\BuildLiteBehavior [ RunTime:0.000000s ]
INFO: [ app_init ] --END-- [ RunTime:0.001000s ]

[ 2016-06-05T11:52:51+08:00 ] 127.0.0.1 /
INFO: [ app_init ] --START--
INFO: Run Behavior\BuildLiteBehavior [ RunTime:0.000000s ]
INFO: [ app_init ] --END-- [ RunTime:0.000000s ]

[ 2016-06-05T11:52:53+08:00 ] 127.0.0.1 /index.php/Home/Jour/create
INFO: [ app_init ] --START--
INFO: Run Behavior\BuildLiteBehavior [ RunTime:0.000000s ]
INFO: [ app_init ] --END-- [ RunTime:0.000000s ]

[ 2016-06-05T11:55:18+08:00 ] 127.0.0.1 /index.php/Home/Jour/create
INFO: [ app_init ] --START--
INFO: Run Behavior\BuildLiteBehavior [ RunTime:0.000000s ]
INFO: [ app_init ] --END-- [ RunTime:0.001000s ]

[ 2016-06-05T12:00:21+08:00 ] 127.0.0.1 /index.php/Home/Jour/create
INFO: [ app_init ] --START--
INFO: Run Behavior\BuildLiteBehavior [ RunTime:0.000000s ]
INFO: [ app_init ] --END-- [ RunTime:0.000000s ]

[ 2016-06-05T12:01:04+08:00 ] 127.0.0.1 /index.php/Home/Jour/create
INFO: [ app_init ] --START--
INFO: Run Behavior\BuildLiteBehavior [ RunTime:0.000000s ]
INFO: [ app_init ] --END-- [ RunTime:0.001000s ]

[ 2016-06-05T12:01:19+08:00 ] 127.0.0.1 /index.php/Home/Jour/create
INFO: [ app_init ] --START--
INFO: Run Behavior\BuildLiteBehavior [ RunTime:0.000000s ]
INFO: [ app_init ] --END-- [ RunTime:0.000000s ]

[ 2016-06-05T12:01:23+08:00 ] 127.0.0.1 /index.php/Home/Jour/create
INFO: [ app_init ] --START--
INFO: Run Behavior\BuildLiteBehavior [ RunTime:0.000000s ]
INFO: [ app_init ] --END-- [ RunTime:0.000000s ]

[ 2016-06-05T12:02:56+08:00 ] 127.0.0.1 /index.php/Home/Jour/selectJourContent
INFO: [ app_init ] --START--
INFO: Run Behavior\BuildLiteBehavior [ RunTime:0.000000s ]
INFO: [ app_init ] --END-- [ RunTime:0.001000s ]

[ 2016-06-05T12:04:03+08:00 ] 127.0.0.1 /index.php/Home/Jour/selectJourContent
INFO: [ app_init ] --START--
INFO: Run Behavior\BuildLiteBehavior [ RunTime:0.000000s ]
INFO: [ app_init ] --END-- [ RunTime:0.000000s ]

[ 2016-06-05T12:04:49+08:00 ] 127.0.0.1 /index.php/Home/Jour/selectJourContent
INFO: [ app_init ] --START--
INFO: Run Behavior\BuildLiteBehavior [ RunTime:0.000000s ]
INFO: [ app_init ] --END-- [ RunTime:0.001000s ]

[ 2016-06-05T12:05:38+08:00 ] 127.0.0.1 /index.php/Home/Jour/selectJourContent
INFO: [ app_init ] --START--
INFO: Run Behavior\BuildLiteBehavior [ RunTime:0.000000s ]
INFO: [ app_init ] --END-- [ RunTime:0.001000s ]

[ 2016-06-05T12:06:06+08:00 ] 127.0.0.1 /index.php/Home/Jour/selectJourContent
INFO: [ app_init ] --START--
INFO: Run Behavior\BuildLiteBehavior [ RunTime:0.000000s ]
INFO: [ app_init ] --END-- [ RunTime:0.001000s ]

[ 2016-06-05T12:06:50+08:00 ] 127.0.0.1 /index.php/Home/Jour/selectJourContent
INFO: [ app_init ] --START--
INFO: Run Behavior\BuildLiteBehavior [ RunTime:0.000000s ]
INFO: [ app_init ] --END-- [ RunTime:0.001000s ]

[ 2016-06-05T12:07:38+08:00 ] 127.0.0.1 /index.php/Home/Jour/selectJourContent
INFO: [ app_init ] --START--
INFO: Run Behavior\BuildLiteBehavior [ RunTime:0.000000s ]
INFO: [ app_init ] --END-- [ RunTime:0.001000s ]

[ 2016-06-05T12:07:50+08:00 ] 127.0.0.1 /index.php/Home/Jour/selectJourContent
INFO: [ app_init ] --START--
INFO: Run Behavior\BuildLiteBehavior [ RunTime:0.000000s ]
INFO: [ app_init ] --END-- [ RunTime:0.000000s ]

[ 2016-06-05T12:09:07+08:00 ] 127.0.0.1 /index.php/Home/Jour/selectJourContent
INFO: [ app_init ] --START--
INFO: Run Behavior\BuildLiteBehavior [ RunTime:0.000000s ]
INFO: [ app_init ] --END-- [ RunTime:0.000000s ]

[ 2016-06-05T12:09:25+08:00 ] 127.0.0.1 /index.php/Home/Jour/selectJourContent
INFO: [ app_init ] --START--
INFO: Run Behavior\BuildLiteBehavior [ RunTime:0.000000s ]
INFO: [ app_init ] --END-- [ RunTime:0.001000s ]

[ 2016-06-05T12:13:04+08:00 ] 127.0.0.1 /index.php/Home/Jour/selectJourContent
INFO: [ app_init ] --START--
INFO: Run Behavior\BuildLiteBehavior [ RunTime:0.000000s ]
INFO: [ app_init ] --END-- [ RunTime:0.001000s ]

[ 2016-06-05T12:13:33+08:00 ] 127.0.0.1 /index.php/Home/Jour/selectJourContent
INFO: [ app_init ] --START--
INFO: Run Behavior\BuildLiteBehavior [ RunTime:0.000000s ]
INFO: [ app_init ] --END-- [ RunTime:0.000000s ]

[ 2016-06-05T12:13:39+08:00 ] 127.0.0.1 /index.php/Home/Jour/selectJourContent
INFO: [ app_init ] --START--
INFO: Run Behavior\BuildLiteBehavior [ RunTime:0.000000s ]
INFO: [ app_init ] --END-- [ RunTime:0.001000s ]
ERR: 无法加载控制器:Jour

[ 2016-06-05T12:13:45+08:00 ] 127.0.0.1 /index.php/Home/Jour/selectJourContent
INFO: [ app_init ] --START--
INFO: Run Behavior\BuildLiteBehavior [ RunTime:0.000000s ]
INFO: [ app_init ] --END-- [ RunTime:0.001000s ]

[ 2016-06-05T12:14:08+08:00 ] 127.0.0.1 /index.php/Home/Jour/selectJourContent
INFO: [ app_init ] --START--
INFO: Run Behavior\BuildLiteBehavior [ RunTime:0.000000s ]
INFO: [ app_init ] --END-- [ RunTime:0.001000s ]

[ 2016-06-05T12:14:30+08:00 ] 127.0.0.1 /index.php/Home/Jour/selectJourContent
INFO: [ app_init ] --START--
INFO: Run Behavior\BuildLiteBehavior [ RunTime:0.000000s ]
INFO: [ app_init ] --END-- [ RunTime:0.001000s ]

[ 2016-06-05T12:14:41+08:00 ] 127.0.0.1 /index.php/Home/Jour/selectJourContent
INFO: [ app_init ] --START--
INFO: Run Behavior\BuildLiteBehavior [ RunTime:0.000000s ]
INFO: [ app_init ] --END-- [ RunTime:0.001000s ]

[ 2016-06-05T12:14:53+08:00 ] 127.0.0.1 /index.php/Home/Jour/selectJourContent
INFO: [ app_init ] --START--
INFO: Run Behavior\BuildLiteBehavior [ RunTime:0.000000s ]
INFO: [ app_init ] --END-- [ RunTime:0.000000s ]

[ 2016-06-05T12:15:01+08:00 ] 127.0.0.1 /index.php/Home/Jour/selectJourContent
INFO: [ app_init ] --START--
INFO: Run Behavior\BuildLiteBehavior [ RunTime:0.001000s ]
INFO: [ app_init ] --END-- [ RunTime:0.001000s ]

[ 2016-06-05T12:15:20+08:00 ] 127.0.0.1 /index.php/Home/Jour/selectJourContent
INFO: [ app_init ] --START--
INFO: Run Behavior\BuildLiteBehavior [ RunTime:0.000000s ]
INFO: [ app_init ] --END-- [ RunTime:0.001000s ]

[ 2016-06-05T12:15:35+08:00 ] 127.0.0.1 /index.php/Home/Jour/selectJourContent
INFO: [ app_init ] --START--
INFO: Run Behavior\BuildLiteBehavior [ RunTime:0.000000s ]
INFO: [ app_init ] --END-- [ RunTime:0.000000s ]

[ 2016-06-05T12:15:46+08:00 ] 127.0.0.1 /index.php/Home/Jour/selectJourContent
INFO: [ app_init ] --START--
INFO: Run Behavior\BuildLiteBehavior [ RunTime:0.000000s ]
INFO: [ app_init ] --END-- [ RunTime:0.001000s ]
ERR: 无法加载控制器:Jour

[ 2016-06-05T12:15:48+08:00 ] 127.0.0.1 /index.php/Home/Jour/selectJourContent
INFO: [ app_init ] --START--
INFO: Run Behavior\BuildLiteBehavior [ RunTime:0.000000s ]
INFO: [ app_init ] --END-- [ RunTime:0.001000s ]

[ 2016-06-05T12:16:56+08:00 ] 127.0.0.1 /index.php/Home/Jour/selectJourContent
INFO: [ app_init ] --START--
INFO: Run Behavior\BuildLiteBehavior [ RunTime:0.000000s ]
INFO: [ app_init ] --END-- [ RunTime:0.000000s ]

[ 2016-06-05T12:17:25+08:00 ] 127.0.0.1 /index.php/Home/Jour/selectJourContent
INFO: [ app_init ] --START--
INFO: Run Behavior\BuildLiteBehavior [ RunTime:0.000000s ]
INFO: [ app_init ] --END-- [ RunTime:0.000000s ]

[ 2016-06-05T12:17:41+08:00 ] 127.0.0.1 /index.php/Home/Jour/selectJourContent
INFO: [ app_init ] --START--
INFO: Run Behavior\BuildLiteBehavior [ RunTime:0.000000s ]
INFO: [ app_init ] --END-- [ RunTime:0.001000s ]

[ 2016-06-05T12:18:09+08:00 ] 127.0.0.1 /index.php/Home/Jour/selectJourContent
INFO: [ app_init ] --START--
INFO: Run Behavior\BuildLiteBehavior [ RunTime:0.000000s ]
INFO: [ app_init ] --END-- [ RunTime:0.001000s ]

[ 2016-06-05T12:19:23+08:00 ] 127.0.0.1 /index.php/Home/Jour/create
INFO: [ app_init ] --START--
INFO: Run Behavior\BuildLiteBehavior [ RunTime:0.000000s ]
INFO: [ app_init ] --END-- [ RunTime:0.001000s ]

[ 2016-06-05T12:22:17+08:00 ] 127.0.0.1 /index.php/Home/Jour/create
INFO: [ app_init ] --START--
INFO: Run Behavior\BuildLiteBehavior [ RunTime:0.000000s ]
INFO: [ app_init ] --END-- [ RunTime:0.001000s ]

[ 2016-06-05T12:22:53+08:00 ] 127.0.0.1 /index.php/Home/Jour/create
INFO: [ app_init ] --START--
INFO: Run Behavior\BuildLiteBehavior [ RunTime:0.000000s ]
INFO: [ app_init ] --END-- [ RunTime:0.000000s ]

[ 2016-06-05T12:23:01+08:00 ] 127.0.0.1 /index.php/Home/Jour/create
INFO: [ app_init ] --START--
INFO: Run Behavior\BuildLiteBehavior [ RunTime:0.000000s ]
INFO: [ app_init ] --END-- [ RunTime:0.000000s ]

[ 2016-06-05T12:23:20+08:00 ] 127.0.0.1 /index.php/Home/Jour/create
INFO: [ app_init ] --START--
INFO: Run Behavior\BuildLiteBehavior [ RunTime:0.000000s ]
INFO: [ app_init ] --END-- [ RunTime:0.000000s ]

[ 2016-06-05T12:23:21+08:00 ] 127.0.0.1 /index.php/Home/Jour/create
INFO: [ app_init ] --START--
INFO: Run Behavior\BuildLiteBehavior [ RunTime:0.000000s ]
INFO: [ app_init ] --END-- [ RunTime:0.001000s ]

[ 2016-06-05T12:24:20+08:00 ] 127.0.0.1 /index.php/Home/Jour/create
INFO: [ app_init ] --START--
INFO: Run Behavior\BuildLiteBehavior [ RunTime:0.000000s ]
INFO: [ app_init ] --END-- [ RunTime:0.001000s ]

[ 2016-06-05T12:24:53+08:00 ] 127.0.0.1 /index.php/Home/Jour/create
INFO: [ app_init ] --START--
INFO: Run Behavior\BuildLiteBehavior [ RunTime:0.000000s ]
INFO: [ app_init ] --END-- [ RunTime:0.000000s ]

[ 2016-06-05T13:15:48+08:00 ] 127.0.0.1 /index.php/Home/Jour/create
INFO: [ app_init ] --START--
INFO: Run Behavior\BuildLiteBehavior [ RunTime:0.000000s ]
INFO: [ app_init ] --END-- [ RunTime:0.001000s ]

[ 2016-06-05T13:16:10+08:00 ] 127.0.0.1 /index.php/Home/Jour/create
INFO: [ app_init ] --START--
INFO: Run Behavior\BuildLiteBehavior [ RunTime:0.000000s ]
INFO: [ app_init ] --END-- [ RunTime:0.000000s ]

[ 2016-06-05T13:16:43+08:00 ] 127.0.0.1 /index.php/Home/Jour/create
INFO: [ app_init ] --START--
INFO: Run Behavior\BuildLiteBehavior [ RunTime:0.000000s ]
INFO: [ app_init ] --END-- [ RunTime:0.001000s ]

[ 2016-06-05T13:17:01+08:00 ] 127.0.0.1 /index.php/Home/Jour/create
INFO: [ app_init ] --START--
INFO: Run Behavior\BuildLiteBehavior [ RunTime:0.000000s ]
INFO: [ app_init ] --END-- [ RunTime:0.001000s ]

[ 2016-06-05T13:17:07+08:00 ] 127.0.0.1 /index.php/Home/Jour/selectJourContent?jourId=6
INFO: [ app_init ] --START--
INFO: Run Behavior\BuildLiteBehavior [ RunTime:0.000000s ]
INFO: [ app_init ] --END-- [ RunTime:0.001000s ]

[ 2016-06-05T13:17:23+08:00 ] 127.0.0.1 /index.php/Home/Jour/selectJourContent?jourId=5
INFO: [ app_init ] --START--
INFO: Run Behavior\BuildLiteBehavior [ RunTime:0.000000s ]
INFO: [ app_init ] --END-- [ RunTime:0.000000s ]

[ 2016-06-05T13:17:54+08:00 ] 127.0.0.1 /index.php/Home/Jour/selectJourContent?jourId=5
INFO: [ app_init ] --START--
INFO: Run Behavior\BuildLiteBehavior [ RunTime:0.000000s ]
INFO: [ app_init ] --END-- [ RunTime:0.001000s ]

[ 2016-06-05T13:18:09+08:00 ] 127.0.0.1 /index.php/Home/Jour/selectJourContent?jourId=5
INFO: [ app_init ] --START--
INFO: Run Behavior\BuildLiteBehavior [ RunTime:0.000000s ]
INFO: [ app_init ] --END-- [ RunTime:0.001000s ]

[ 2016-06-05T13:18:53+08:00 ] 127.0.0.1 /index.php/Home/Jour/selectJourContent?jourId=5
INFO: [ app_init ] --START--
INFO: Run Behavior\BuildLiteBehavior [ RunTime:0.001000s ]
INFO: [ app_init ] --END-- [ RunTime:0.001000s ]

[ 2016-06-05T13:19:02+08:00 ] 127.0.0.1 /index.php/Home/Jour/selectJourContent?jourId=5
INFO: [ app_init ] --START--
INFO: Run Behavior\BuildLiteBehavior [ RunTime:0.000000s ]
INFO: [ app_init ] --END-- [ RunTime:0.000000s ]

[ 2016-06-05T13:19:08+08:00 ] 127.0.0.1 /index.php/Home/Jour/selectJourContent?jourId=5
INFO: [ app_init ] --START--
INFO: Run Behavior\BuildLiteBehavior [ RunTime:0.000000s ]
INFO: [ app_init ] --END-- [ RunTime:0.001000s ]

[ 2016-06-05T13:19:11+08:00 ] 127.0.0.1 /index.php/Home/Jour/selectJourContent?jourId=9
INFO: [ app_init ] --START--
INFO: Run Behavior\BuildLiteBehavior [ RunTime:0.000000s ]
INFO: [ app_init ] --END-- [ RunTime:0.000000s ]

[ 2016-06-05T13:19:20+08:00 ] 127.0.0.1 /index.php/Home/Jour/selectJourContent?jourId=10
INFO: [ app_init ] --START--
INFO: Run Behavior\BuildLiteBehavior [ RunTime:0.000000s ]
INFO: [ app_init ] --END-- [ RunTime:0.000000s ]

[ 2016-06-05T13:19:27+08:00 ] 127.0.0.1 /index.php/Home/Jour/selectJourContent?jourId=7
INFO: [ app_init ] --START--
INFO: Run Behavior\BuildLiteBehavior [ RunTime:0.000000s ]
INFO: [ app_init ] --END-- [ RunTime:0.001000s ]

[ 2016-06-05T13:19:32+08:00 ] 127.0.0.1 /index.php/Home/Jour/selectJourContent?jourId=5
INFO: [ app_init ] --START--
INFO: Run Behavior\BuildLiteBehavior [ RunTime:0.000000s ]
INFO: [ app_init ] --END-- [ RunTime:0.001000s ]

[ 2016-06-05T13:20:19+08:00 ] 127.0.0.1 /index.php/Home/Jour/selectJourContent?jourId=5
INFO: [ app_init ] --START--
INFO: Run Behavior\BuildLiteBehavior [ RunTime:0.000000s ]
INFO: [ app_init ] --END-- [ RunTime:0.001000s ]

[ 2016-06-05T13:20:23+08:00 ] 127.0.0.1 /index.php/Home/Jour/selectJourContent?jourId=5
INFO: [ app_init ] --START--
INFO: Run Behavior\BuildLiteBehavior [ RunTime:0.000000s ]
INFO: [ app_init ] --END-- [ RunTime:0.001000s ]

[ 2016-06-05T13:20:27+08:00 ] 127.0.0.1 /index.php/Home/Jour/selectJourContent?jourId=6
INFO: [ app_init ] --START--
INFO: Run Behavior\BuildLiteBehavior [ RunTime:0.000000s ]
INFO: [ app_init ] --END-- [ RunTime:0.001000s ]

[ 2016-06-05T13:20:31+08:00 ] 127.0.0.1 /index.php/Home/Jour/selectJourContent?jourId=7
INFO: [ app_init ] --START--
INFO: Run Behavior\BuildLiteBehavior [ RunTime:0.000000s ]
INFO: [ app_init ] --END-- [ RunTime:0.000000s ]

[ 2016-06-05T13:21:04+08:00 ] 127.0.0.1 /index.php/Home/Jour/selectJourContent?jourId=6
INFO: [ app_init ] --START--
INFO: Run Behavior\BuildLiteBehavior [ RunTime:0.000000s ]
INFO: [ app_init ] --END-- [ RunTime:0.000000s ]

[ 2016-06-05T13:21:11+08:00 ] 127.0.0.1 /index.php/Home/Jour/selectJourContent?jourId=5
INFO: [ app_init ] --START--
INFO: Run Behavior\BuildLiteBehavior [ RunTime:0.000000s ]
INFO: [ app_init ] --END-- [ RunTime:0.001000s ]

[ 2016-06-05T13:21:14+08:00 ] 127.0.0.1 /index.php/Home/Jour/selectJourContent?jourId=8
INFO: [ app_init ] --START--
INFO: Run Behavior\BuildLiteBehavior [ RunTime:0.000000s ]
INFO: [ app_init ] --END-- [ RunTime:0.001000s ]

[ 2016-06-05T13:21:18+08:00 ] 127.0.0.1 /index.php/Home/Jour/selectJourContent?jourId=9
INFO: [ app_init ] --START--
INFO: Run Behavior\BuildLiteBehavior [ RunTime:0.000000s ]
INFO: [ app_init ] --END-- [ RunTime:0.001000s ]

[ 2016-06-05T13:21:21+08:00 ] 127.0.0.1 /index.php/Home/Jour/selectJourContent?jourId=10
INFO: [ app_init ] --START--
INFO: Run Behavior\BuildLiteBehavior [ RunTime:0.000000s ]
INFO: [ app_init ] --END-- [ RunTime:0.001000s ]

[ 2016-06-05T13:21:24+08:00 ] 127.0.0.1 /index.php/Home/Jour/selectJourContent?jourId=6
INFO: [ app_init ] --START--
INFO: Run Behavior\BuildLiteBehavior [ RunTime:0.000000s ]
INFO: [ app_init ] --END-- [ RunTime:0.000000s ]

[ 2016-06-05T13:21:28+08:00 ] 127.0.0.1 /index.php/Home/Jour/selectJourContent?jourId=11
INFO: [ app_init ] --START--
INFO: Run Behavior\BuildLiteBehavior [ RunTime:0.000000s ]
INFO: [ app_init ] --END-- [ RunTime:0.001000s ]

[ 2016-06-05T13:21:32+08:00 ] 127.0.0.1 /index.php/Home/Jour/selectJourContent?jourId=8
INFO: [ app_init ] --START--
INFO: Run Behavior\BuildLiteBehavior [ RunTime:0.000000s ]
INFO: [ app_init ] --END-- [ RunTime:0.000000s ]

[ 2016-06-05T13:21:47+08:00 ] 127.0.0.1 /index.php/Home/Jour/selectJourContent?jourId=6
INFO: [ app_init ] --START--
INFO: Run Behavior\BuildLiteBehavior [ RunTime:0.000000s ]
INFO: [ app_init ] --END-- [ RunTime:0.001001s ]

[ 2016-06-05T13:21:52+08:00 ] 127.0.0.1 /index.php/Home/Jour/selectJourContent?jourId=10
INFO: [ app_init ] --START--
INFO: Run Behavior\BuildLiteBehavior [ RunTime:0.000000s ]
INFO: [ app_init ] --END-- [ RunTime:0.001000s ]

[ 2016-06-05T13:21:57+08:00 ] 127.0.0.1 /index.php/Home/Jour/selectJourContent?jourId=7
INFO: [ app_init ] --START--
INFO: Run Behavior\BuildLiteBehavior [ RunTime:0.000000s ]
INFO: [ app_init ] --END-- [ RunTime:0.001000s ]

[ 2016-06-05T13:22:06+08:00 ] 127.0.0.1 /index.php/Home/Jour/create
INFO: [ app_init ] --START--
INFO: Run Behavior\BuildLiteBehavior [ RunTime:0.000000s ]
INFO: [ app_init ] --END-- [ RunTime:0.000000s ]

[ 2016-06-05T13:22:11+08:00 ] 127.0.0.1 /index.php/Home/Jour/selectJourContent?jourId=5
INFO: [ app_init ] --START--
INFO: Run Behavior\BuildLiteBehavior [ RunTime:0.000000s ]
INFO: [ app_init ] --END-- [ RunTime:0.001000s ]

[ 2016-06-05T13:22:16+08:00 ] 127.0.0.1 /index.php/Home/Jour/selectJourContent?jourId=7
INFO: [ app_init ] --START--
INFO: Run Behavior\BuildLiteBehavior [ RunTime:0.000000s ]
INFO: [ app_init ] --END-- [ RunTime:0.001000s ]

